Using pre-set license
Built from '6000.0/staging' branch; Version is '6000.0.34f1 (5ab2d9ed9190) revision 5944025'; Using compiler version '193933523'; Build Type 'Release'
OS: 'Windows 11  (10.0.26100) 64bit Core' Language: 'en' Physical Memory: 7498 MB
BatchMode: 1, IsHumanControllingUs: 0, StartBugReporterOnCrash: 0, Is64bit: 1, IsPro: 1

COMMAND LINE ARGUMENTS:
C:\Program Files\Unity\Hub\Editor\6000.0.34f1-x86_64\Editor\Unity.exe
-adb2
-batchMode
-noUpm
-name
AssetImportWorker0
-projectPath
C:/Users/gyada/Desktop/Saurav/BE_Project/AR_Navigation/AR_Sample_1/New_Navigation/NavSight
-logFile
Logs/AssetImportWorker0.log
-srvPort
64681
-job-worker-count
5
-background-job-worker-count
8
-gc-helper-count
1
Successfully changed project path to: C:/Users/gyada/Desktop/Saurav/BE_Project/AR_Navigation/AR_Sample_1/New_Navigation/NavSight
C:/Users/gyada/Desktop/Saurav/BE_Project/AR_Navigation/AR_Sample_1/New_Navigation/NavSight
[UnityMemory] Configuration Parameters - Can be set up in boot.config
    "memorysetup-bucket-allocator-granularity=16"
    "memorysetup-bucket-allocator-bucket-count=8"
    "memorysetup-bucket-allocator-block-size=33554432"
    "memorysetup-bucket-allocator-block-count=8"
    "memorysetup-main-allocator-block-size=16777216"
    "memorysetup-thread-allocator-block-size=16777216"
    "memorysetup-gfx-main-allocator-block-size=16777216"
    "memorysetup-gfx-thread-allocator-block-size=16777216"
    "memorysetup-cache-allocator-block-size=4194304"
    "memorysetup-typetree-allocator-block-size=2097152"
    "memorysetup-profiler-bucket-allocator-granularity=16"
    "memorysetup-profiler-bucket-allocator-bucket-count=8"
    "memorysetup-profiler-bucket-allocator-block-size=33554432"
    "memorysetup-profiler-bucket-allocator-block-count=8"
    "memorysetup-profiler-allocator-block-size=16777216"
    "memorysetup-profiler-editor-allocator-block-size=1048576"
    "memorysetup-temp-allocator-size-main=16777216"
    "memorysetup-job-temp-allocator-block-size=2097152"
    "memorysetup-job-temp-allocator-block-size-background=1048576"
    "memorysetup-job-temp-allocator-reduction-small-platforms=262144"
    "memorysetup-allocator-temp-initial-block-size-main=262144"
    "memorysetup-allocator-temp-initial-block-size-worker=262144"
    "memorysetup-temp-allocator-size-background-worker=32768"
    "memorysetup-temp-allocator-size-job-worker=262144"
    "memorysetup-temp-allocator-size-preload-manager=33554432"
    "memorysetup-temp-allocator-size-nav-mesh-worker=65536"
    "memorysetup-temp-allocator-size-audio-worker=65536"
    "memorysetup-temp-allocator-size-cloud-worker=32768"
    "memorysetup-temp-allocator-size-gi-baking-worker=262144"
    "memorysetup-temp-allocator-size-gi-baking-worker=262144"
    "memorysetup-temp-allocator-size-gi-baking-worker=262144"
    "memorysetup-temp-allocator-size-gi-baking-worker=262144"
    "memorysetup-temp-allocator-size-gi-baking-worker=262144"
    "memorysetup-temp-allocator-size-gfx=262144"
Player connection [13900]  Target information:

Player connection [13900]  * "[IP] 192.168.1.35 [Port] 0 [Flags] 2 [Guid] 1039794652 [EditorId] 1039794652 [Version] 1048832 [Id] WindowsEditor(7,SA-GA) [Debug] 1 [PackageName] WindowsEditor [ProjectName] Editor" 

Player connection [13900] Host joined multi-casting on [225.0.0.222:54997]...
Player connection [13900] Host joined alternative multi-casting on [225.0.0.222:34997]...
JobSystem: Creating JobQueue using job-worker-count value 5
Input System module state changed to: Initialized.
[Physics::Module] Initialized fallback backend.
[Physics::Module] Id: 0xdecafbad
Library Redirect Path: Library/
[Physics::Module] Selected backend.
[Physics::Module] Name: PhysX
[Physics::Module] Id: 0xf2b8ea05
[Physics::Module] SDK Version: 4.1.2
[Physics::Module] Integration Version: 1.0.0
[Physics::Module] Threading Mode: Multi-Threaded
Refreshing native plugins compatible for Editor in 289.66 ms, found 4 plugins.
Preloading 0 native plugins for Editor in 0.00 ms.
Initialize engine version: 6000.0.34f1 (5ab2d9ed9190)
[Subsystems] Discovering subsystems at path C:/Program Files/Unity/Hub/Editor/6000.0.34f1-x86_64/Editor/Data/Resources/UnitySubsystems
[Subsystems] Discovering subsystems at path C:/Users/gyada/Desktop/Saurav/BE_Project/AR_Navigation/AR_Sample_1/New_Navigation/NavSight/Assets
GfxDevice: creating device client; kGfxThreadingModeNonThreaded
Direct3D:
    Version:  Direct3D 11.0 [level 11.1]
    Renderer: NVIDIA GeForce RTX 3050 Laptop GPU (ID=0x25a2)
    Vendor:   NVIDIA
    VRAM:     3964 MB
    Driver:   32.0.15.7242
Initialize mono
Mono path[0] = 'C:/Program Files/Unity/Hub/Editor/6000.0.34f1-x86_64/Editor/Data/Managed'
Mono path[1] = 'C:/Program Files/Unity/Hub/Editor/6000.0.34f1-x86_64/Editor/Data/MonoBleedingEdge/lib/mono/unityjit-win32'
Mono config path = 'C:/Program Files/Unity/Hub/Editor/6000.0.34f1-x86_64/Editor/Data/MonoBleedingEdge/etc'
Using monoOptions --debugger-agent=transport=dt_socket,embedding=1,server=y,suspend=n,address=127.0.0.1:56516
Begin MonoManager ReloadAssembly
Registering precompiled unity dll's ...
Register platform support module: C:/Program Files/Unity/Hub/Editor/6000.0.34f1-x86_64/Editor/Data/PlaybackEngines/WindowsStandaloneSupport/UnityEditor.WindowsStandalone.Extensions.dll
Register platform support module: C:/Program Files/Unity/Hub/Editor/6000.0.34f1-x86_64/Editor/Data/PlaybackEngines/AndroidPlayer/UnityEditor.Android.Extensions.dll
Registered in 0.231547 seconds.
- Loaded All Assemblies, in  7.074 seconds
Native extension for Android target not found
Android Extension - Scanning For ADB Devices 449 ms
Native extension for WindowsStandalone target not found
Mono: successfully reloaded assembly
- Finished resetting the current domain, in  0.998 seconds
Domain Reload Profiling: 8069ms
	BeginReloadAssembly (5735ms)
		ExecutionOrderSort (0ms)
		DisableScriptedObjects (0ms)
		BackupInstance (0ms)
		ReleaseScriptingObjects (0ms)
		CreateAndSetChildDomain (1ms)
	RebuildCommonClasses (54ms)
	RebuildNativeTypeToScriptingClass (11ms)
	initialDomainReloadingComplete (300ms)
	LoadAllAssembliesAndSetupDomain (970ms)
		LoadAssemblies (5731ms)
		RebuildTransferFunctionScriptingTraits (0ms)
		AnalyzeDomain (965ms)
			TypeCache.Refresh (963ms)
				TypeCache.ScanAssembly (941ms)
			BuildScriptInfoCaches (0ms)
			ResolveRequiredComponents (1ms)
	FinalizeReload (999ms)
		ReleaseScriptCaches (0ms)
		RebuildScriptCaches (0ms)
		SetupLoadedEditorAssemblies (957ms)
			LogAssemblyErrors (0ms)
			InitializePlatformSupportModulesInManaged (571ms)
			SetLoadedEditorAssemblies (5ms)
			BeforeProcessingInitializeOnLoad (67ms)
			ProcessInitializeOnLoadAttributes (222ms)
			ProcessInitializeOnLoadMethodAttributes (92ms)
			AfterProcessingInitializeOnLoad (0ms)
			EditorAssembliesLoaded (0ms)
		ExecutionOrderSort2 (0ms)
		AwakeInstancesAfterBackupRestoration (0ms)
========================================================================
Worker process is ready to serve import requests
Import Worker Mode flag is 0x00
Begin MonoManager ReloadAssembly
- Loaded All Assemblies, in 18.061 seconds
Refreshing native plugins compatible for Editor in 6.73 ms, found 4 plugins.
Native extension for Android target not found
Native extension for WindowsStandalone target not found
Package Manager log level set to [2]
[Package Manager] Failed to launch server process. Reason: Unity was launched with the -noUpm command-line argument
[Package Manager] Unable to send message (not connected to server process).
[Package Manager] Cannot connect to Unity Package Manager local server
Mono: successfully reloaded assembly
[Package Manager] Failed to launch server process. Reason: Unity was launched with the -noUpm command-line argument
[Package Manager] Unable to send message (not connected to server process).
[Package Manager] Cannot connect to Unity Package Manager local server
[Package Manager] Failed to launch server process. Reason: Unity was launched with the -noUpm command-line argument
[Package Manager] Unable to send message (not connected to server process).
[Package Manager] Cannot connect to Unity Package Manager local server
- Finished resetting the current domain, in  1.814 seconds
Domain Reload Profiling: 19857ms
	BeginReloadAssembly (361ms)
		ExecutionOrderSort (0ms)
		DisableScriptedObjects (17ms)
		BackupInstance (0ms)
		ReleaseScriptingObjects (0ms)
		CreateAndSetChildDomain (64ms)
	RebuildCommonClasses (82ms)
	RebuildNativeTypeToScriptingClass (22ms)
	initialDomainReloadingComplete (65ms)
	LoadAllAssembliesAndSetupDomain (17512ms)
		LoadAssemblies (17077ms)
		RebuildTransferFunctionScriptingTraits (0ms)
		AnalyzeDomain (646ms)
			TypeCache.Refresh (430ms)
				TypeCache.ScanAssembly (383ms)
			BuildScriptInfoCaches (187ms)
			ResolveRequiredComponents (21ms)
	FinalizeReload (1815ms)
		ReleaseScriptCaches (0ms)
		RebuildScriptCaches (0ms)
		SetupLoadedEditorAssemblies (1549ms)
			LogAssemblyErrors (0ms)
			InitializePlatformSupportModulesInManaged (24ms)
			SetLoadedEditorAssemblies (11ms)
			BeforeProcessingInitializeOnLoad (257ms)
			ProcessInitializeOnLoadAttributes (1119ms)
			ProcessInitializeOnLoadMethodAttributes (125ms)
			AfterProcessingInitializeOnLoad (12ms)
			EditorAssembliesLoaded (1ms)
		ExecutionOrderSort2 (0ms)
		AwakeInstancesAfterBackupRestoration (13ms)
Launched and connected shader compiler UnityShaderCompiler.exe after 0.03 seconds
Refreshing native plugins compatible for Editor in 6.87 ms, found 4 plugins.
Preloading 0 native plugins for Editor in 0.00 ms.
Unloading 158 Unused Serialized files (Serialized files now loaded: 0)
Unloading 6792 unused Assets / (8.5 MB). Loaded Objects now: 7351.
Memory consumption went from 159.3 MB to 150.8 MB.
Total: 55.515000 ms (FindLiveObjects: 2.909300 ms CreateObjectMapping: 2.595600 ms MarkObjects: 32.717200 ms  DeleteObjects: 17.287900 ms)

========================================================================
Received Import Request.
  Time since last request: 9082.930850 seconds.
  path: Assets/Script/STTUtils.cs
  artifactKey: Guid(71dba6326e1f9784d9e03d30ef7b7446) Importer(815301076,1909f56bfc062723c751e8b465ee728b)
Start importing Assets/Script/STTUtils.cs using Guid(71dba6326e1f9784d9e03d30ef7b7446) Importer(815301076,1909f56bfc062723c751e8b465ee728b) (PreviewImporter) -> (artifact id: 'bd0d5f4fde9a9f79de552c73eed43df8') in 0.0919108 seconds
Number of updated asset objects reloaded before import = 0Number of asset objects unloaded after import = 0

========================================================================
Received Prepare
Refreshing native plugins compatible for Editor in 8.42 ms, found 4 plugins.
Preloading 0 native plugins for Editor in 0.00 ms.
Unloading 40 Unused Serialized files (Serialized files now loaded: 0)
Unloading 6777 unused Assets / (9.7 MB). Loaded Objects now: 7349.
Memory consumption went from 131.3 MB to 121.7 MB.
Total: 335.768300 ms (FindLiveObjects: 4.149200 ms CreateObjectMapping: 2.364000 ms MarkObjects: 320.138700 ms  DeleteObjects: 9.106100 ms)

Prepare: number of updated asset objects reloaded= 0
========================================================================
Received Import Request.
  Time since last request: 207.797348 seconds.
  path: Assets/Script/UnityMainThreadDispatcher.cs
  artifactKey: Guid(8deba68ae30da6e4998e01c971abcbb0) Importer(815301076,1909f56bfc062723c751e8b465ee728b)
Start importing Assets/Script/UnityMainThreadDispatcher.cs using Guid(8deba68ae30da6e4998e01c971abcbb0) Importer(815301076,1909f56bfc062723c751e8b465ee728b) (PreviewImporter) -> (artifact id: 'aecb416fc444512303118d2b0547e81f') in 0.0755172 seconds
Number of updated asset objects reloaded before import = 0Number of asset objects unloaded after import = 0

========================================================================
Received Prepare
Refreshing native plugins compatible for Editor in 11.42 ms, found 4 plugins.
Preloading 0 native plugins for Editor in 0.00 ms.
Unloading 40 Unused Serialized files (Serialized files now loaded: 0)
Unloading 6776 unused Assets / (8.0 MB). Loaded Objects now: 7348.
Memory consumption went from 131.3 MB to 123.4 MB.
Total: 34.584800 ms (FindLiveObjects: 2.260900 ms CreateObjectMapping: 2.770700 ms MarkObjects: 19.046200 ms  DeleteObjects: 10.503800 ms)

Prepare: number of updated asset objects reloaded= 0
========================================================================
Received Import Request.
  Time since last request: 9.546307 seconds.
  path: Assets/Script/VoiceNavigation.cs
  artifactKey: Guid(d760baf308d0b3740a93a6a0c112aa4a) Importer(815301076,1909f56bfc062723c751e8b465ee728b)
Start importing Assets/Script/VoiceNavigation.cs using Guid(d760baf308d0b3740a93a6a0c112aa4a) Importer(815301076,1909f56bfc062723c751e8b465ee728b) (PreviewImporter) -> (artifact id: '97266b30acba4c9bb4753504e765c31c') in 0.0096829 seconds
Number of updated asset objects reloaded before import = 0Number of asset objects unloaded after import = 0

========================================================================
Received Import Request.
  Time since last request: 1.063378 seconds.
  path: Assets/Script
  artifactKey: Guid(8402cdde5e2afc4458da48b95be23241) Importer(815301076,1909f56bfc062723c751e8b465ee728b)
Start importing Assets/Script using Guid(8402cdde5e2afc4458da48b95be23241) Importer(815301076,1909f56bfc062723c751e8b465ee728b) (PreviewImporter) -> (artifact id: 'a91de65d7c70422e44e5f9cdc39d8969') in 0.0011186 seconds
Number of updated asset objects reloaded before import = 0Number of asset objects unloaded after import = 0

========================================================================
Received Prepare
Refreshing native plugins compatible for Editor in 17.99 ms, found 4 plugins.
Preloading 0 native plugins for Editor in 0.00 ms.
Unloading 40 Unused Serialized files (Serialized files now loaded: 0)
Unloading 6777 unused Assets / (8.5 MB). Loaded Objects now: 7349.
Memory consumption went from 131.4 MB to 122.9 MB.
Total: 30.678900 ms (FindLiveObjects: 2.122000 ms CreateObjectMapping: 2.538800 ms MarkObjects: 14.889900 ms  DeleteObjects: 11.124300 ms)

Prepare: number of updated asset objects reloaded= 0
========================================================================
Received Import Request.
  Time since last request: 8.447201 seconds.
  path: Assets/Script/UnityMainThreadDispatcher.cs
  artifactKey: Guid(8deba68ae30da6e4998e01c971abcbb0) Importer(815301076,1909f56bfc062723c751e8b465ee728b)
Start importing Assets/Script/UnityMainThreadDispatcher.cs using Guid(8deba68ae30da6e4998e01c971abcbb0) Importer(815301076,1909f56bfc062723c751e8b465ee728b) (PreviewImporter) -> (artifact id: '6e05409b6d97ca1f65cefb11f59838ff') in 0.009968 seconds
Number of updated asset objects reloaded before import = 0Number of asset objects unloaded after import = 0

========================================================================
Received Prepare
Refreshing native plugins compatible for Editor in 10.61 ms, found 4 plugins.
Preloading 0 native plugins for Editor in 0.00 ms.
Unloading 40 Unused Serialized files (Serialized files now loaded: 0)
Unloading 6777 unused Assets / (7.6 MB). Loaded Objects now: 7349.
Memory consumption went from 131.3 MB to 123.7 MB.
Total: 133.720700 ms (FindLiveObjects: 2.839900 ms CreateObjectMapping: 5.349200 ms MarkObjects: 60.550600 ms  DeleteObjects: 64.975000 ms)

Prepare: number of updated asset objects reloaded= 0
========================================================================
Received Prepare
Refreshing native plugins compatible for Editor in 7.79 ms, found 4 plugins.
Preloading 0 native plugins for Editor in 0.00 ms.
Unloading 40 Unused Serialized files (Serialized files now loaded: 0)
Unloading 6777 unused Assets / (6.9 MB). Loaded Objects now: 7349.
Memory consumption went from 131.3 MB to 124.4 MB.
Total: 90.433800 ms (FindLiveObjects: 2.592600 ms CreateObjectMapping: 1.962300 ms MarkObjects: 70.563200 ms  DeleteObjects: 15.309300 ms)

Prepare: number of updated asset objects reloaded= 0
========================================================================
Received Prepare
Refreshing native plugins compatible for Editor in 6.45 ms, found 4 plugins.
Preloading 0 native plugins for Editor in 0.00 ms.
Unloading 40 Unused Serialized files (Serialized files now loaded: 0)
Unloading 6777 unused Assets / (8.5 MB). Loaded Objects now: 7349.
Memory consumption went from 131.3 MB to 122.8 MB.
Total: 26.903500 ms (FindLiveObjects: 1.899200 ms CreateObjectMapping: 2.357600 ms MarkObjects: 12.425700 ms  DeleteObjects: 10.216400 ms)

Prepare: number of updated asset objects reloaded= 0
========================================================================
Received Prepare
Refreshing native plugins compatible for Editor in 24.78 ms, found 4 plugins.
Preloading 0 native plugins for Editor in 0.00 ms.
Unloading 40 Unused Serialized files (Serialized files now loaded: 0)
Unloading 6777 unused Assets / (7.3 MB). Loaded Objects now: 7349.
Memory consumption went from 131.3 MB to 124.0 MB.
Total: 106.470100 ms (FindLiveObjects: 13.984500 ms CreateObjectMapping: 23.205500 ms MarkObjects: 37.623500 ms  DeleteObjects: 31.653200 ms)

Prepare: number of updated asset objects reloaded= 0
========================================================================
Received Prepare
Refreshing native plugins compatible for Editor in 19.71 ms, found 4 plugins.
Preloading 0 native plugins for Editor in 0.00 ms.
Unloading 40 Unused Serialized files (Serialized files now loaded: 0)
Unloading 6777 unused Assets / (7.8 MB). Loaded Objects now: 7349.
Memory consumption went from 131.2 MB to 123.4 MB.
Total: 81.152800 ms (FindLiveObjects: 5.815700 ms CreateObjectMapping: 4.904600 ms MarkObjects: 35.508800 ms  DeleteObjects: 34.920800 ms)

Prepare: number of updated asset objects reloaded= 0
========================================================================
Received Prepare
Refreshing native plugins compatible for Editor in 28.59 ms, found 4 plugins.
Preloading 0 native plugins for Editor in 0.00 ms.
Unloading 40 Unused Serialized files (Serialized files now loaded: 0)
Unloading 6777 unused Assets / (8.4 MB). Loaded Objects now: 7349.
Memory consumption went from 131.3 MB to 122.9 MB.
Total: 196.459400 ms (FindLiveObjects: 5.432900 ms CreateObjectMapping: 5.316400 ms MarkObjects: 168.764000 ms  DeleteObjects: 16.938500 ms)

Prepare: number of updated asset objects reloaded= 0
========================================================================
Received Prepare
Refreshing native plugins compatible for Editor in 12.89 ms, found 4 plugins.
Preloading 0 native plugins for Editor in 0.00 ms.
Unloading 40 Unused Serialized files (Serialized files now loaded: 0)
Unloading 6777 unused Assets / (9.5 MB). Loaded Objects now: 7349.
Memory consumption went from 131.2 MB to 121.7 MB.
Total: 37.875500 ms (FindLiveObjects: 2.033700 ms CreateObjectMapping: 2.065000 ms MarkObjects: 17.331600 ms  DeleteObjects: 16.442600 ms)

Prepare: number of updated asset objects reloaded= 0
